build/app/intermediates/manifest_merge_blame_file/debug/manifest-merger-blame-debug-report.txt
1<?xml version="1.0" encoding="utf-8"?>
2<manifest xmlns:android="http://schemas.android.com/apk/res/android"
3    package="com.shashi.homzy2"
4    android:versionCode="1"
5    android:versionName="1.0.0" >
6
7    <uses-sdk
8        android:minSdkVersion="21"
9        android:targetSdkVersion="33" />
10    <!--
11         The INTERNET permission is required for development. Specifically,
12         the Flutter tool needs it to communicate with the running application
13         to allow setting breakpoints, to provide hot reload, etc.
14    -->
15    <uses-permission android:name="android.permission.INTERNET" />
15-->src/debug/AndroidManifest.xml:7:5-66
15-->src/debug/AndroidManifest.xml:7:22-64
16    <uses-permission android:name="android.permission.ACCESS_NETWORK_STATE" />
16-->[com.google.firebase:firebase-auth:21.3.0] AndroidManifest.xml:26:5-79
16-->[com.google.firebase:firebase-auth:21.3.0] AndroidManifest.xml:26:22-76
17
18    <queries>
18-->[io.kommunicate.sdk:kommunicateui:2.6.8] AndroidManifest.xml:12:5-16:15
19        <intent>
19-->[io.kommunicate.sdk:kommunicateui:2.6.8] AndroidManifest.xml:13:9-15:18
20            <action android:name="android.media.action.IMAGE_CAPTURE" />
20-->[io.kommunicate.sdk:kommunicateui:2.6.8] AndroidManifest.xml:14:13-73
20-->[io.kommunicate.sdk:kommunicateui:2.6.8] AndroidManifest.xml:14:21-70
21        </intent>
22    </queries>
23    <queries>
23-->[io.kommunicate.sdk:kommunicateui:2.6.8] AndroidManifest.xml:12:5-16:15
24        <intent>
25            <action android:name="android.speech.RecognitionService" />
26        </intent>
27    </queries>
28
29    <uses-feature
29-->[com.google.android.gms:play-services-maps:17.0.0] AndroidManifest.xml:26:5-28:35
30        android:glEsVersion="0x00020000"
30-->[com.google.android.gms:play-services-maps:17.0.0] AndroidManifest.xml:27:9-41
31        android:required="true" />
31-->[com.google.android.gms:play-services-maps:17.0.0] AndroidManifest.xml:28:9-32
32
33    <uses-permission android:name="android.permission.POST_NOTIFICATIONS" />
33-->[com.google.firebase:firebase-messaging:23.1.2] AndroidManifest.xml:25:5-77
33-->[com.google.firebase:firebase-messaging:23.1.2] AndroidManifest.xml:25:22-74
34    <uses-permission android:name="android.permission.WAKE_LOCK" /> <!-- Required by older versions of Google Play services to create IID tokens -->
34-->[com.google.firebase:firebase-messaging:23.1.2] AndroidManifest.xml:26:5-68
34-->[com.google.firebase:firebase-messaging:23.1.2] AndroidManifest.xml:26:22-65
35    <uses-permission android:name="com.google.android.c2dm.permission.RECEIVE" /> <!-- Mandatory permissions -->
35-->[com.google.firebase:firebase-messaging:23.1.2] AndroidManifest.xml:28:5-82
35-->[com.google.firebase:firebase-messaging:23.1.2] AndroidManifest.xml:28:22-79
36    <uses-permission android:name="android.permission.VIBRATE" />
36-->[io.kommunicate.sdk:kommunicate:2.6.8] AndroidManifest.xml:13:5-15:30
36-->[io.kommunicate.sdk:kommunicate:2.6.8] AndroidManifest.xml:14:9-50
37    <uses-permission android:name="android.permission.RECEIVE_BOOT_COMPLETED" />
37-->[io.kommunicate.sdk:kommunicate:2.6.8] AndroidManifest.xml:22:5-24:30
37-->[io.kommunicate.sdk:kommunicate:2.6.8] AndroidManifest.xml:23:9-65
38
39    <permission
39-->[androidx.core:core:1.9.0] AndroidManifest.xml:22:5-24:47
40        android:name="com.shashi.homzy2.DYNAMIC_RECEIVER_NOT_EXPORTED_PERMISSION"
40-->[androidx.core:core:1.9.0] AndroidManifest.xml:23:9-81
41        android:protectionLevel="signature" />
41-->[androidx.core:core:1.9.0] AndroidManifest.xml:24:9-44
42
43    <uses-permission android:name="com.shashi.homzy2.DYNAMIC_RECEIVER_NOT_EXPORTED_PERMISSION" />
43-->[androidx.core:core:1.9.0] AndroidManifest.xml:26:5-97
43-->[androidx.core:core:1.9.0] AndroidManifest.xml:26:22-94
44
45    <application
46        android:name="android.app.Application"
47        android:allowBackup="true"
47-->[io.kommunicate.sdk:kommunicateui:2.6.8] AndroidManifest.xml:24:9-35
48        android:appComponentFactory="androidx.core.app.CoreComponentFactory"
48-->[androidx.core:core:1.9.0] AndroidManifest.xml:28:18-86
49        android:debuggable="true"
50        android:icon="@mipmap/ic_launcher"
51        android:label="homzy2"
52        android:supportsRtl="true" >
52-->[io.kommunicate.sdk:kommunicateui:2.6.8] AndroidManifest.xml:26:9-35
53        <activity
54            android:name="com.shashi.homzy2.MainActivity"
55            android:configChanges="orientation|keyboardHidden|keyboard|screenSize|smallestScreenSize|locale|layoutDirection|fontScale|screenLayout|density|uiMode"
56            android:exported="true"
57            android:hardwareAccelerated="true"
58            android:launchMode="singleTop"
59            android:theme="@style/LaunchTheme"
60            android:windowSoftInputMode="adjustResize" >
61
62            <!--
63                 Specifies an Android theme to apply to this Activity as soon as
64                 the Android process has started. This theme is visible to the user
65                 while the Flutter UI initializes. After that, this theme continues
66                 to determine the Window background behind the Flutter UI.
67            -->
68            <meta-data
69                android:name="io.flutter.embedding.android.NormalTheme"
70                android:resource="@style/NormalTheme" />
71
72            <intent-filter>
73                <action android:name="android.intent.action.MAIN" />
74
75                <category android:name="android.intent.category.LAUNCHER" />
76            </intent-filter>
77        </activity>
78        <!--
79             Don't delete the meta-data below.
80             This is used by the Flutter tool to generate GeneratedPluginRegistrant.java
81        -->
82        <meta-data
83            android:name="flutterEmbedding"
84            android:value="2" />
85
86        <service
86-->[:firebase_auth] AndroidManifest.xml:10:9-14:19
87            android:name="com.google.firebase.components.ComponentDiscoveryService"
87-->[:firebase_auth] AndroidManifest.xml:10:18-89
88            android:directBootAware="true"
88-->[com.google.firebase:firebase-common:20.3.2] AndroidManifest.xml:34:13-43
89            android:exported="false" >
89-->[com.google.firebase:firebase-auth:21.3.0] AndroidManifest.xml:68:13-37
90            <meta-data
90-->[:firebase_auth] AndroidManifest.xml:11:13-13:85
91                android:name="com.google.firebase.components:io.flutter.plugins.firebase.auth.FlutterFirebaseAuthRegistrar"
91-->[:firebase_auth] AndroidManifest.xml:12:17-124
92                android:value="com.google.firebase.components.ComponentRegistrar" />
92-->[:firebase_auth] AndroidManifest.xml:13:17-82
93            <meta-data
93-->[:firebase_storage] AndroidManifest.xml:11:13-13:85
94                android:name="com.google.firebase.components:io.flutter.plugins.firebase.storage.FlutterFirebaseAppRegistrar"
94-->[:firebase_storage] AndroidManifest.xml:12:17-126
95                android:value="com.google.firebase.components.ComponentRegistrar" />
95-->[:firebase_storage] AndroidManifest.xml:13:17-82
96            <meta-data
96-->[:cloud_firestore] AndroidManifest.xml:11:13-13:85
97                android:name="com.google.firebase.components:io.flutter.plugins.firebase.firestore.FlutterFirebaseFirestoreRegistrar"
97-->[:cloud_firestore] AndroidManifest.xml:12:17-134
98                android:value="com.google.firebase.components.ComponentRegistrar" />
98-->[:cloud_firestore] AndroidManifest.xml:13:17-82
99            <meta-data
99-->[:firebase_core] AndroidManifest.xml:11:13-13:85
100                android:name="com.google.firebase.components:io.flutter.plugins.firebase.core.FlutterFirebaseCoreRegistrar"
100-->[:firebase_core] AndroidManifest.xml:12:17-124
101                android:value="com.google.firebase.components.ComponentRegistrar" />
101-->[:firebase_core] AndroidManifest.xml:13:17-82
102            <meta-data
102-->[com.google.firebase:firebase-auth:21.3.0] AndroidManifest.xml:69:13-71:85
103                android:name="com.google.firebase.components:com.google.firebase.auth.FirebaseAuthRegistrar"
103-->[com.google.firebase:firebase-auth:21.3.0] AndroidManifest.xml:70:17-109
104                android:value="com.google.firebase.components.ComponentRegistrar" />
104-->[com.google.firebase:firebase-auth:21.3.0] AndroidManifest.xml:71:17-82
105            <meta-data
105-->[com.google.firebase:firebase-storage:20.1.0] AndroidManifest.xml:32:13-34:85
106                android:name="com.google.firebase.components:com.google.firebase.storage.StorageRegistrar"
106-->[com.google.firebase:firebase-storage:20.1.0] AndroidManifest.xml:33:17-107
107                android:value="com.google.firebase.components.ComponentRegistrar" />
107-->[com.google.firebase:firebase-storage:20.1.0] AndroidManifest.xml:34:17-82
108            <meta-data
108-->[com.google.firebase:firebase-firestore:24.5.0] AndroidManifest.xml:19:13-21:85
109                android:name="com.google.firebase.components:com.google.firebase.firestore.FirestoreRegistrar"
109-->[com.google.firebase:firebase-firestore:24.5.0] AndroidManifest.xml:20:17-111
110                android:value="com.google.firebase.components.ComponentRegistrar" />
110-->[com.google.firebase:firebase-firestore:24.5.0] AndroidManifest.xml:21:17-82
111            <meta-data
111-->[com.google.firebase:firebase-messaging:23.1.2] AndroidManifest.xml:55:13-57:85
112                android:name="com.google.firebase.components:com.google.firebase.messaging.FirebaseMessagingRegistrar"
112-->[com.google.firebase:firebase-messaging:23.1.2] AndroidManifest.xml:56:17-119
113                android:value="com.google.firebase.components.ComponentRegistrar" />
113-->[com.google.firebase:firebase-messaging:23.1.2] AndroidManifest.xml:57:17-82
114            <meta-data
114-->[com.google.firebase:firebase-datatransport:18.1.7] AndroidManifest.xml:27:13-29:85
115                android:name="com.google.firebase.components:com.google.firebase.datatransport.TransportRegistrar"
115-->[com.google.firebase:firebase-datatransport:18.1.7] AndroidManifest.xml:28:17-115
116                android:value="com.google.firebase.components.ComponentRegistrar" />
116-->[com.google.firebase:firebase-datatransport:18.1.7] AndroidManifest.xml:29:17-82
117            <meta-data
117-->[com.google.firebase:firebase-installations:17.1.3] AndroidManifest.xml:17:13-19:85
118                android:name="com.google.firebase.components:com.google.firebase.installations.FirebaseInstallationsRegistrar"
118-->[com.google.firebase:firebase-installations:17.1.3] AndroidManifest.xml:18:17-127
119                android:value="com.google.firebase.components.ComponentRegistrar" />
119-->[com.google.firebase:firebase-installations:17.1.3] AndroidManifest.xml:19:17-82
120        </service>
121
122        <provider
122-->[:image_picker_android] AndroidManifest.xml:10:9-18:20
123            android:name="io.flutter.plugins.imagepicker.ImagePickerFileProvider"
123-->[:image_picker_android] AndroidManifest.xml:11:13-82
124            android:authorities="com.shashi.homzy2.flutter.image_provider"
124-->[:image_picker_android] AndroidManifest.xml:12:13-74
125            android:exported="false"
125-->[:image_picker_android] AndroidManifest.xml:13:13-37
126            android:grantUriPermissions="true" >
126-->[:image_picker_android] AndroidManifest.xml:14:13-47
127            <meta-data
127-->[:image_picker_android] AndroidManifest.xml:15:13-17:75
128                android:name="android.support.FILE_PROVIDER_PATHS"
128-->[:image_picker_android] AndroidManifest.xml:16:17-67
129                android:resource="@xml/flutter_image_picker_file_paths" />
129-->[:image_picker_android] AndroidManifest.xml:17:17-72
130        </provider>
131
132        <activity
132-->[com.google.firebase:firebase-auth:21.3.0] AndroidManifest.xml:29:9-46:20
133            android:name="com.google.firebase.auth.internal.GenericIdpActivity"
133-->[com.google.firebase:firebase-auth:21.3.0] AndroidManifest.xml:30:13-80
134            android:excludeFromRecents="true"
134-->[com.google.firebase:firebase-auth:21.3.0] AndroidManifest.xml:31:13-46
135            android:exported="true"
135-->[com.google.firebase:firebase-auth:21.3.0] AndroidManifest.xml:32:13-36
136            android:launchMode="singleTask"
136-->[com.google.firebase:firebase-auth:21.3.0] AndroidManifest.xml:33:13-44
137            android:theme="@android:style/Theme.Translucent.NoTitleBar" >
137-->[com.google.firebase:firebase-auth:21.3.0] AndroidManifest.xml:34:13-72
138            <intent-filter>
138-->[com.google.firebase:firebase-auth:21.3.0] AndroidManifest.xml:35:13-45:29
139                <action android:name="android.intent.action.VIEW" />
139-->[com.google.firebase:firebase-auth:21.3.0] AndroidManifest.xml:36:17-69
139-->[com.google.firebase:firebase-auth:21.3.0] AndroidManifest.xml:36:25-66
140
141                <category android:name="android.intent.category.DEFAULT" />
141-->[com.google.firebase:firebase-auth:21.3.0] AndroidManifest.xml:38:17-76
141-->[com.google.firebase:firebase-auth:21.3.0] AndroidManifest.xml:38:27-73
142                <category android:name="android.intent.category.BROWSABLE" />
142-->[com.google.firebase:firebase-auth:21.3.0] AndroidManifest.xml:39:17-78
142-->[com.google.firebase:firebase-auth:21.3.0] AndroidManifest.xml:39:27-75
143
144                <data
144-->[com.google.firebase:firebase-auth:21.3.0] AndroidManifest.xml:41:17-44:51
145                    android:host="firebase.auth"
145-->[com.google.firebase:firebase-auth:21.3.0] AndroidManifest.xml:42:21-49
146                    android:path="/"
146-->[com.google.firebase:firebase-auth:21.3.0] AndroidManifest.xml:43:21-37
147                    android:scheme="genericidp" />
147-->[com.google.firebase:firebase-auth:21.3.0] AndroidManifest.xml:44:21-48
148            </intent-filter>
149        </activity>
150        <activity
150-->[com.google.firebase:firebase-auth:21.3.0] AndroidManifest.xml:47:9-64:20
151            android:name="com.google.firebase.auth.internal.RecaptchaActivity"
151-->[com.google.firebase:firebase-auth:21.3.0] AndroidManifest.xml:48:13-79
152            android:excludeFromRecents="true"
152-->[com.google.firebase:firebase-auth:21.3.0] AndroidManifest.xml:49:13-46
153            android:exported="true"
153-->[com.google.firebase:firebase-auth:21.3.0] AndroidManifest.xml:50:13-36
154            android:launchMode="singleTask"
154-->[com.google.firebase:firebase-auth:21.3.0] AndroidManifest.xml:51:13-44
155            android:theme="@android:style/Theme.Translucent.NoTitleBar" >
155-->[com.google.firebase:firebase-auth:21.3.0] AndroidManifest.xml:52:13-72
156            <intent-filter>
156-->[com.google.firebase:firebase-auth:21.3.0] AndroidManifest.xml:53:13-63:29
157                <action android:name="android.intent.action.VIEW" />
157-->[com.google.firebase:firebase-auth:21.3.0] AndroidManifest.xml:36:17-69
157-->[com.google.firebase:firebase-auth:21.3.0] AndroidManifest.xml:36:25-66
158
159                <category android:name="android.intent.category.DEFAULT" />
159-->[com.google.firebase:firebase-auth:21.3.0] AndroidManifest.xml:38:17-76
159-->[com.google.firebase:firebase-auth:21.3.0] AndroidManifest.xml:38:27-73
160                <category android:name="android.intent.category.BROWSABLE" />
160-->[com.google.firebase:firebase-auth:21.3.0] AndroidManifest.xml:39:17-78
160-->[com.google.firebase:firebase-auth:21.3.0] AndroidManifest.xml:39:27-75
161
162                <data
162-->[com.google.firebase:firebase-auth:21.3.0] AndroidManifest.xml:41:17-44:51
163                    android:host="firebase.auth"
163-->[com.google.firebase:firebase-auth:21.3.0] AndroidManifest.xml:42:21-49
164                    android:path="/"
164-->[com.google.firebase:firebase-auth:21.3.0] AndroidManifest.xml:43:21-37
165                    android:scheme="recaptcha" />
165-->[com.google.firebase:firebase-auth:21.3.0] AndroidManifest.xml:44:21-48
166            </intent-filter>
167        </activity>
168        <activity
168-->[com.google.android.gms:play-services-auth:20.4.0] AndroidManifest.xml:23:9-27:75
169            android:name="com.google.android.gms.auth.api.signin.internal.SignInHubActivity"
169-->[com.google.android.gms:play-services-auth:20.4.0] AndroidManifest.xml:24:13-93
170            android:excludeFromRecents="true"
170-->[com.google.android.gms:play-services-auth:20.4.0] AndroidManifest.xml:25:13-46
171            android:exported="false"
171-->[com.google.android.gms:play-services-auth:20.4.0] AndroidManifest.xml:26:13-37
172            android:theme="@android:style/Theme.Translucent.NoTitleBar" />
172-->[com.google.android.gms:play-services-auth:20.4.0] AndroidManifest.xml:27:13-72
173        <!--
174            Service handling Google Sign-In user revocation. For apps that do not integrate with
175            Google Sign-In, this service will never be started.
176        -->
177        <service
177-->[com.google.android.gms:play-services-auth:20.4.0] AndroidManifest.xml:33:9-37:51
178            android:name="com.google.android.gms.auth.api.signin.RevocationBoundService"
178-->[com.google.android.gms:play-services-auth:20.4.0] AndroidManifest.xml:34:13-89
179            android:exported="true"
179-->[com.google.android.gms:play-services-auth:20.4.0] AndroidManifest.xml:35:13-36
180            android:permission="com.google.android.gms.auth.api.signin.permission.REVOCATION_NOTIFICATION"
180-->[com.google.android.gms:play-services-auth:20.4.0] AndroidManifest.xml:36:13-107
181            android:visibleToInstantApps="true" />
181-->[com.google.android.gms:play-services-auth:20.4.0] AndroidManifest.xml:37:13-48
182
183        <provider
183-->[io.kommunicate.sdk:kommunicateui:2.6.8] AndroidManifest.xml:27:9-36:20
184            android:name="com.applozic.mobicomkit.uiwidgets.KmFileProvider"
184-->[io.kommunicate.sdk:kommunicateui:2.6.8] AndroidManifest.xml:28:13-76
185            android:authorities="com.shashi.homzy2.provider"
185-->[io.kommunicate.sdk:kommunicateui:2.6.8] AndroidManifest.xml:29:13-60
186            android:exported="false"
186-->[io.kommunicate.sdk:kommunicateui:2.6.8] AndroidManifest.xml:30:13-37
187            android:grantUriPermissions="true" >
187-->[io.kommunicate.sdk:kommunicateui:2.6.8] AndroidManifest.xml:31:13-47
188            <meta-data
188-->[:image_picker_android] AndroidManifest.xml:15:13-17:75
189                android:name="android.support.FILE_PROVIDER_PATHS"
189-->[:image_picker_android] AndroidManifest.xml:16:17-67
190                android:resource="@xml/km_provider_paths" />
190-->[:image_picker_android] AndroidManifest.xml:17:17-72
191        </provider>
192
193        <service
193-->[io.kommunicate.sdk:kommunicateui:2.6.8] AndroidManifest.xml:38:9-45:19
194            android:name="com.applozic.mobicomkit.uiwidgets.KmFirebaseMessagingService"
194-->[io.kommunicate.sdk:kommunicateui:2.6.8] AndroidManifest.xml:39:13-88
195            android:exported="true"
195-->[io.kommunicate.sdk:kommunicateui:2.6.8] AndroidManifest.xml:40:13-36
196            android:stopWithTask="false" >
196-->[io.kommunicate.sdk:kommunicateui:2.6.8] AndroidManifest.xml:41:13-41
197            <intent-filter>
197-->[io.kommunicate.sdk:kommunicateui:2.6.8] AndroidManifest.xml:42:13-44:29
198                <action android:name="com.google.firebase.MESSAGING_EVENT" />
198-->[io.kommunicate.sdk:kommunicateui:2.6.8] AndroidManifest.xml:43:17-78
198-->[io.kommunicate.sdk:kommunicateui:2.6.8] AndroidManifest.xml:43:25-75
199            </intent-filter>
200        </service>
201
202        <activity
202-->[io.kommunicate.sdk:kommunicateui:2.6.8] AndroidManifest.xml:47:9-53:34
203            android:name="com.applozic.mobicomkit.uiwidgets.conversation.activity.ConversationActivity"
203-->[io.kommunicate.sdk:kommunicateui:2.6.8] AndroidManifest.xml:48:13-104
204            android:configChanges="keyboardHidden|screenSize|locale|smallestScreenSize|screenLayout|orientation"
204-->[io.kommunicate.sdk:kommunicateui:2.6.8] AndroidManifest.xml:49:13-113
205            android:label="@string/app_name"
205-->[io.kommunicate.sdk:kommunicateui:2.6.8] AndroidManifest.xml:50:13-45
206            android:launchMode="singleTask"
206-->[io.kommunicate.sdk:kommunicateui:2.6.8] AndroidManifest.xml:51:13-44
207            android:theme="@style/ApplozicTheme" />
207-->[io.kommunicate.sdk:kommunicateui:2.6.8] AndroidManifest.xml:52:13-49
208        <activity
208-->[io.kommunicate.sdk:kommunicateui:2.6.8] AndroidManifest.xml:54:9-59:58
209            android:name="com.applozic.mobicomkit.uiwidgets.conversation.activity.MobicomLocationActivity"
209-->[io.kommunicate.sdk:kommunicateui:2.6.8] AndroidManifest.xml:55:13-107
210            android:configChanges="keyboardHidden|screenSize|smallestScreenSize|screenLayout|orientation"
210-->[io.kommunicate.sdk:kommunicateui:2.6.8] AndroidManifest.xml:56:13-106
211            android:parentActivityName="com.applozic.mobicomkit.uiwidgets.conversation.activity.ConversationActivity"
211-->[io.kommunicate.sdk:kommunicateui:2.6.8] AndroidManifest.xml:57:13-118
212            android:theme="@style/ApplozicTheme"
212-->[io.kommunicate.sdk:kommunicateui:2.6.8] AndroidManifest.xml:58:13-49
213            android:windowSoftInputMode="adjustResize" />
213-->[io.kommunicate.sdk:kommunicateui:2.6.8] AndroidManifest.xml:59:13-55
214        <activity
214-->[io.kommunicate.sdk:kommunicateui:2.6.8] AndroidManifest.xml:60:9-72:20
215            android:name="com.applozic.mobicomkit.uiwidgets.conversation.activity.FullScreenImageActivity"
215-->[io.kommunicate.sdk:kommunicateui:2.6.8] AndroidManifest.xml:61:13-107
216            android:configChanges="keyboardHidden|orientation|screenSize"
216-->[io.kommunicate.sdk:kommunicateui:2.6.8] AndroidManifest.xml:62:13-74
217            android:label="Image"
217-->[io.kommunicate.sdk:kommunicateui:2.6.8] AndroidManifest.xml:63:13-34
218            android:parentActivityName="com.applozic.mobicomkit.uiwidgets.conversation.activity.ConversationActivity"
218-->[io.kommunicate.sdk:kommunicateui:2.6.8] AndroidManifest.xml:64:13-118
219            android:theme="@style/Applozic_FullScreen_Theme" >
219-->[io.kommunicate.sdk:kommunicateui:2.6.8] AndroidManifest.xml:65:13-61
220
221            <!-- Parent activity meta-data to support API level 7+ -->
222            <meta-data
222-->[io.kommunicate.sdk:kommunicateui:2.6.8] AndroidManifest.xml:69:13-71:112
223                android:name="android.support.PARENT_ACTIVITY"
223-->[io.kommunicate.sdk:kommunicateui:2.6.8] AndroidManifest.xml:70:17-63
224                android:value="com.applozic.mobicomkit.uiwidgets.conversation.activity.ConversationActivity" />
224-->[io.kommunicate.sdk:kommunicateui:2.6.8] AndroidManifest.xml:71:17-109
225        </activity>
226        <activity
226-->[io.kommunicate.sdk:kommunicateui:2.6.8] AndroidManifest.xml:73:9-80:34
227            android:name="com.applozic.mobicomkit.uiwidgets.conversation.richmessaging.webview.KmWebViewActivity"
227-->[io.kommunicate.sdk:kommunicateui:2.6.8] AndroidManifest.xml:74:13-114
228            android:configChanges="keyboardHidden|orientation|screenSize"
228-->[io.kommunicate.sdk:kommunicateui:2.6.8] AndroidManifest.xml:75:13-74
229            android:label="Image"
229-->[io.kommunicate.sdk:kommunicateui:2.6.8] AndroidManifest.xml:76:13-34
230            android:launchMode="singleTop"
230-->[io.kommunicate.sdk:kommunicateui:2.6.8] AndroidManifest.xml:77:13-43
231            android:parentActivityName="com.applozic.mobicomkit.uiwidgets.conversation.activity.ConversationActivity"
231-->[io.kommunicate.sdk:kommunicateui:2.6.8] AndroidManifest.xml:78:13-118
232            android:theme="@style/ApplozicTheme" />
232-->[io.kommunicate.sdk:kommunicateui:2.6.8] AndroidManifest.xml:79:13-49
233        <activity
233-->[io.kommunicate.sdk:kommunicateui:2.6.8] AndroidManifest.xml:81:9-85:34
234            android:name="com.applozic.mobicomkit.uiwidgets.kommunicate.activities.LeadCollectionActivity"
234-->[io.kommunicate.sdk:kommunicateui:2.6.8] AndroidManifest.xml:82:13-107
235            android:configChanges="keyboardHidden|orientation|screenSize"
235-->[io.kommunicate.sdk:kommunicateui:2.6.8] AndroidManifest.xml:83:13-74
236            android:theme="@style/ApplozicTheme" />
236-->[io.kommunicate.sdk:kommunicateui:2.6.8] AndroidManifest.xml:84:13-49
237        <activity
237-->[io.kommunicate.sdk:kommunicateui:2.6.8] AndroidManifest.xml:86:9-96:20
238            android:name="com.applozic.mobicomkit.uiwidgets.conversation.activity.MobiComAttachmentSelectorActivity"
238-->[io.kommunicate.sdk:kommunicateui:2.6.8] AndroidManifest.xml:87:13-117
239            android:configChanges="keyboardHidden|screenSize|smallestScreenSize|screenLayout|orientation"
239-->[io.kommunicate.sdk:kommunicateui:2.6.8] AndroidManifest.xml:88:13-106
240            android:launchMode="singleTop"
240-->[io.kommunicate.sdk:kommunicateui:2.6.8] AndroidManifest.xml:89:13-43
241            android:parentActivityName="com.applozic.mobicomkit.uiwidgets.conversation.activity.ConversationActivity"
241-->[io.kommunicate.sdk:kommunicateui:2.6.8] AndroidManifest.xml:90:13-118
242            android:theme="@style/ApplozicTheme"
242-->[io.kommunicate.sdk:kommunicateui:2.6.8] AndroidManifest.xml:91:13-49
243            android:windowSoftInputMode="stateHidden|adjustResize" >
243-->[io.kommunicate.sdk:kommunicateui:2.6.8] AndroidManifest.xml:92:13-67
244            <meta-data
244-->[io.kommunicate.sdk:kommunicateui:2.6.8] AndroidManifest.xml:69:13-71:112
245                android:name="android.support.PARENT_ACTIVITY"
245-->[io.kommunicate.sdk:kommunicateui:2.6.8] AndroidManifest.xml:70:17-63
246                android:value="com.applozic.mobicomkit.uiwidgets.conversation.activity.ConversationActivity" />
246-->[io.kommunicate.sdk:kommunicateui:2.6.8] AndroidManifest.xml:71:17-109
247        </activity> <!-- Needs to be explicitly declared on P+ -->
248        <uses-library
248-->[com.google.android.gms:play-services-maps:17.0.0] AndroidManifest.xml:33:9-35:40
249            android:name="org.apache.http.legacy"
249-->[com.google.android.gms:play-services-maps:17.0.0] AndroidManifest.xml:34:13-50
250            android:required="false" />
250-->[com.google.android.gms:play-services-maps:17.0.0] AndroidManifest.xml:35:13-37
251
252        <receiver
252-->[com.google.firebase:firebase-messaging:23.1.2] AndroidManifest.xml:31:9-38:20
253            android:name="com.google.firebase.iid.FirebaseInstanceIdReceiver"
253-->[com.google.firebase:firebase-messaging:23.1.2] AndroidManifest.xml:32:13-78
254            android:exported="true"
254-->[com.google.firebase:firebase-messaging:23.1.2] AndroidManifest.xml:33:13-36
255            android:permission="com.google.android.c2dm.permission.SEND" >
255-->[com.google.firebase:firebase-messaging:23.1.2] AndroidManifest.xml:34:13-73
256            <intent-filter>
256-->[com.google.firebase:firebase-messaging:23.1.2] AndroidManifest.xml:35:13-37:29
257                <action android:name="com.google.android.c2dm.intent.RECEIVE" />
257-->[com.google.firebase:firebase-messaging:23.1.2] AndroidManifest.xml:36:17-81
257-->[com.google.firebase:firebase-messaging:23.1.2] AndroidManifest.xml:36:25-78
258            </intent-filter>
259        </receiver>
260        <!--
261             FirebaseMessagingService performs security checks at runtime,
262             but set to not exported to explicitly avoid allowing another app to call it.
263        -->
264        <service
264-->[com.google.firebase:firebase-messaging:23.1.2] AndroidManifest.xml:44:9-51:19
265            android:name="com.google.firebase.messaging.FirebaseMessagingService"
265-->[com.google.firebase:firebase-messaging:23.1.2] AndroidManifest.xml:45:13-82
266            android:directBootAware="true"
266-->[com.google.firebase:firebase-messaging:23.1.2] AndroidManifest.xml:46:13-43
267            android:exported="false" >
267-->[com.google.firebase:firebase-messaging:23.1.2] AndroidManifest.xml:47:13-37
268            <intent-filter android:priority="-500" >
268-->[io.kommunicate.sdk:kommunicateui:2.6.8] AndroidManifest.xml:42:13-44:29
269                <action android:name="com.google.firebase.MESSAGING_EVENT" />
269-->[io.kommunicate.sdk:kommunicateui:2.6.8] AndroidManifest.xml:43:17-78
269-->[io.kommunicate.sdk:kommunicateui:2.6.8] AndroidManifest.xml:43:25-75
270            </intent-filter>
271        </service>
272
273        <activity
273-->[com.google.android.gms:play-services-base:18.0.1] AndroidManifest.xml:20:9-22:45
274            android:name="com.google.android.gms.common.api.GoogleApiActivity"
274-->[com.google.android.gms:play-services-base:18.0.1] AndroidManifest.xml:20:19-85
275            android:exported="false"
275-->[com.google.android.gms:play-services-base:18.0.1] AndroidManifest.xml:22:19-43
276            android:theme="@android:style/Theme.Translucent.NoTitleBar" />
276-->[com.google.android.gms:play-services-base:18.0.1] AndroidManifest.xml:21:19-78
277
278        <provider
278-->[com.google.firebase:firebase-common:20.3.2] AndroidManifest.xml:25:9-30:39
279            android:name="com.google.firebase.provider.FirebaseInitProvider"
279-->[com.google.firebase:firebase-common:20.3.2] AndroidManifest.xml:26:13-77
280            android:authorities="com.shashi.homzy2.firebaseinitprovider"
280-->[com.google.firebase:firebase-common:20.3.2] AndroidManifest.xml:27:13-72
281            android:directBootAware="true"
281-->[com.google.firebase:firebase-common:20.3.2] AndroidManifest.xml:28:13-43
282            android:exported="false"
282-->[com.google.firebase:firebase-common:20.3.2] AndroidManifest.xml:29:13-37
283            android:initOrder="100" />
283-->[com.google.firebase:firebase-common:20.3.2] AndroidManifest.xml:30:13-36
284